C51 COMPILER V9.60.7.0   MAIN                                                              07/22/2025 12:43:45 PAGE 1   


C51 COMPILER V9.60.7.0, COMPILATION OF MODULE MAIN
OBJECT MODULE PLACED IN .\Objects\main.obj
COMPILER INVOKED BY: C:\keil_C51\C51\BIN\C51.EXE main.c OPTIMIZE(8,SPEED) BROWSE DEBUG OBJECTEXTEND PRINT(.\Listings\mai
                    -n.lst) TABS(2) OBJECT(.\Objects\main.obj)

line level    source

   1          #include <REGX52.H>
   2          #include <INTRINS.H>
   3          
   4          unsigned char LEDNum = 0;
   5          
   6          void Delay(unsigned int xms)  //@11.0592MHz
   7          {
   8   1        unsigned char data i, j;
   9   1      
  10   1        while(xms--){
  11   2          
  12   2          _nop_();
  13   2          i = 2;
  14   2          j = 199;
  15   2          do
  16   2          {
  17   3            while (--j);
  18   3          } while (--i);
  19   2          
  20   2        }
  21   1        
  22   1      }
  23          
  24          void main(){
  25   1        //初始化
  26   1        P2 =~0x01;
  27   1        
  28   1        while(1){
  29   2            
  30   2          //按下独立按键K1，LED灯向高位移动
  31   2          if(P3_1 == 0){
  32   3            //消抖
  33   3            Delay(20);
  34   3            while(P3_1 == 0);
  35   3            Delay(20);
  36   3            
  37   3            LEDNum++;
  38   3            //当移位值超过8时，将移位值重新赋值为0
  39   3            if(LEDNum >= 8){
  40   4              LEDNum = 0;
  41   4            }
  42   3            
  43   3            //对P2值进行移位操作,注意取反操作
  44   3            P2 =~ (0x01 << LEDNum);
  45   3          }
  46   2          
  47   2          //按下独立按键K2，LED灯向低位移动
  48   2          if(P3_0 == 0){
  49   3            //消抖
  50   3            Delay(20);
  51   3            while(P3_0 == 0);
  52   3            Delay(20);
  53   3            
  54   3            //先判断，避免越界
C51 COMPILER V9.60.7.0   MAIN                                                              07/22/2025 12:43:45 PAGE 2   

  55   3            if(LEDNum == 0){
  56   4              LEDNum = 7;
  57   4            }
  58   3            else{
  59   4              LEDNum--;
  60   4            }
  61   3            
  62   3            //对P2值进行移位操作
  63   3            P2 =~ (0x01 << LEDNum);
  64   3          }
  65   2          
  66   2        }
  67   1        
  68   1      }


MODULE INFORMATION:   STATIC OVERLAYABLE
   CODE SIZE        =    110    ----
   CONSTANT SIZE    =   ----    ----
   XDATA SIZE       =   ----    ----
   PDATA SIZE       =   ----    ----
   DATA SIZE        =      1    ----
   IDATA SIZE       =   ----    ----
   BIT SIZE         =   ----    ----
END OF MODULE INFORMATION.


C51 COMPILATION COMPLETE.  0 WARNING(S),  0 ERROR(S)
