C51 COMPILER V9.60.7.0   MAIN                                                              08/08/2025 22:52:15 PAGE 1   


C51 COMPILER V9.60.7.0, COMPILATION OF MODULE MAIN
OBJECT MODULE PLACED IN .\Objects\main.obj
COMPILER INVOKED BY: C:\keil_C51\C51\BIN\C51.EXE main.c OPTIMIZE(8,SPEED) BROWSE DEBUG OBJECTEXTEND PRINT(.\Listings\mai
                    -n.lst) TABS(2) OBJECT(.\Objects\main.obj)

line level    source

   1          #include <REGX52.H>
   2          #include "Timer0.h"
   3          #include "Uart.h"
   4          #include "Buzzer.h"
   5          
   6          void main() {
   7   1          Timer0Init();    // 初始化定时器0（蜂鸣器驱动）
   8   1          Uart_Init();     // 初始化串口（9600bps）
   9   1          Buzzer_Init(120, C_MAJOR);  // 初始化蜂鸣器（BPM和调号不影响实时模式）
  10   1          
  11   1          while(1) {
  12   2              // 主循环无需操作，依赖中断实时处理
  13   2          }
  14   1      }


MODULE INFORMATION:   STATIC OVERLAYABLE
   CODE SIZE        =     16    ----
   CONSTANT SIZE    =   ----    ----
   XDATA SIZE       =   ----    ----
   PDATA SIZE       =   ----    ----
   DATA SIZE        =   ----    ----
   IDATA SIZE       =   ----    ----
   BIT SIZE         =   ----    ----
END OF MODULE INFORMATION.


C51 COMPILATION COMPLETE.  0 WARNING(S),  0 ERROR(S)
