C51 COMPILER V9.60.7.0   TIMER0                                                            08/08/2025 22:52:15 PAGE 1   


C51 COMPILER V9.60.7.0, COMPILATION OF MODULE TIMER0
OBJECT MODULE PLACED IN .\Objects\Timer0.obj
COMPILER INVOKED BY: C:\keil_C51\C51\BIN\C51.EXE Timer0.c OPTIMIZE(8,SPEED) BROWSE DEBUG OBJECTEXTEND PRINT(.\Listings\T
                    -imer0.lst) TABS(2) OBJECT(.\Objects\Timer0.obj)

line level    source

   1          #include <REGX52.H>
   2          #include "Buzzer.h"
   3          
   4          
   5          /*
   6          函数：Timer0Init
   7          功能：定时器0初始化
   8          输入：无
   9          输出：无
  10          */
  11          void Timer0Init(void) // 用于蜂鸣器方波生成（无需固定1ms，由频率动态调整）
  12          {
  13   1          TMOD &= 0xF0;   // 清除定时器0配置
  14   1          TMOD |= 0x01;   // 16位定时模式
  15   1          TF0 = 0;      // 清除溢出标志
  16   1          ET0 = 1;      // 允许定时器0中断
  17   1          EA = 1;       // 允许总中断
  18   1          TR0 = 0;      // 初始不启动，由串口数据触发
  19   1      }
  20          
  21          // 定时器0中断：生成蜂鸣器所需方波
  22          void Timer0_Routine() interrupt 1 {
  23   1          if(Buzzer_Playing && Buzzer_Freq != 0) {
  24   2              // 加载当前频率对应的初值（方波周期的1/2）
  25   2              TL0 = Buzzer_Freq % 256;    
  26   2              TH0 = Buzzer_Freq / 256;
  27   2              Buzzer = !Buzzer;  // 翻转引脚，产生方波
  28   2          } else {
  29   2              Buzzer = 0;  // 停止发声
  30   2          }
  31   1      }


MODULE INFORMATION:   STATIC OVERLAYABLE
   CODE SIZE        =     42    ----
   CONSTANT SIZE    =   ----    ----
   XDATA SIZE       =   ----    ----
   PDATA SIZE       =   ----    ----
   DATA SIZE        =   ----    ----
   IDATA SIZE       =   ----    ----
   BIT SIZE         =   ----    ----
END OF MODULE INFORMATION.


C51 COMPILATION COMPLETE.  0 WARNING(S),  0 ERROR(S)
