C51 COMPILER V9.60.7.0   MAIN                                                              07/22/2025 12:20:31 PAGE 1   


C51 COMPILER V9.60.7.0, COMPILATION OF MODULE MAIN
OBJECT MODULE PLACED IN .\Objects\main.obj
COMPILER INVOKED BY: C:\keil_C51\C51\BIN\C51.EXE main.c OPTIMIZE(8,SPEED) BROWSE DEBUG OBJECTEXTEND PRINT(.\Listings\mai
                    -n.lst) TABS(2) OBJECT(.\Objects\main.obj)

line level    source

   1          #include <REGX52.H>
   2          #include <INTRINS.H>
   3          
   4          void Delay(unsigned int xms)  //@11.0592MHz
   5          {
   6   1        unsigned char data i, j;
   7   1      
   8   1        while(xms--){
   9   2          
  10   2          _nop_();
  11   2          i = 2;
  12   2          j = 199;
  13   2          do
  14   2          {
  15   3            while (--j);
  16   3          } while (--i);
  17   2          
  18   2        }
  19   1        
  20   1      }
  21          
  22          
  23          void main(){
  24   1        
  25   1        unsigned char LEDNum = 0; //0000 0000
  26   1        
  27   1        while(1){
  28   2          
  29   2          if(P3_1 == 0){
  30   3            //按键消抖
  31   3            Delay(20);
  32   3            while(P3_1 == 0);
  33   3            Delay(20);
  34   3            
  35   3            /*
  36   3            P2++; //P2初始值是 1111 1111
  37   3            P2 =~ P2;
  38   3            */
  39   3            
  40   3            LEDNum++; //0000 0001
  41   3            P2 =~ LEDNum; //1111 1110
  42   3            
  43   3            /*
  44   3            或者使用
  45   3            P2--;
  46   3            这样P2从 1111 1111 会变为 1111 1110，然后再减少为1111 1101
  47   3            */
  48   3          }
  49   2          
  50   2        }
  51   1        
  52   1      }


C51 COMPILER V9.60.7.0   MAIN                                                              07/22/2025 12:20:31 PAGE 2   

MODULE INFORMATION:   STATIC OVERLAYABLE
   CODE SIZE        =     51    ----
   CONSTANT SIZE    =   ----    ----
   XDATA SIZE       =   ----    ----
   PDATA SIZE       =   ----    ----
   DATA SIZE        =   ----    ----
   IDATA SIZE       =   ----    ----
   BIT SIZE         =   ----    ----
END OF MODULE INFORMATION.


C51 COMPILATION COMPLETE.  0 WARNING(S),  0 ERROR(S)
