C51 COMPILER V9.60.7.0   MAIN                                                              07/22/2025 11:18:04 PAGE 1   


C51 COMPILER V9.60.7.0, COMPILATION OF MODULE MAIN
OBJECT MODULE PLACED IN .\Objects\main.obj
COMPILER INVOKED BY: C:\keil_C51\C51\BIN\C51.EXE main.c OPTIMIZE(8,SPEED) BROWSE DEBUG OBJECTEXTEND PRINT(.\Listings\mai
                    -n.lst) TABS(2) OBJECT(.\Objects\main.obj)

line level    source

   1          #include <REGX52.H>
   2          #include <INTRINS.H>
   3          
   4          void Delay500ms(void) //@11.0592MHz
   5          {
   6   1        unsigned char data i, j, k;
   7   1      
   8   1        _nop_();
   9   1        i = 4;
  10   1        j = 129;
  11   1        k = 119;
  12   1        do
  13   1        {
  14   2          do
  15   2          {
  16   3            while (--k);
  17   3          } while (--j);
  18   2        } while (--i);
  19   1      }
  20          
  21          
  22          void main(){
  23   1        
  24   1        unsigned char led = 0x01; //1111 1110
  25   1        
  26   1        while(1){
  27   2          P2 = ~led; //取反， P2 = 0xFE
  28   2          
  29   2          //左移一位以实现流水灯效果
  30   2          led <<= 1;
  31   2          
  32   2          //当所有LED循环一遍后，重新从最低位开始
  33   2          if(led == 0x00){
  34   3            led = 0x01;
  35   3          }
  36   2          
  37   2          Delay500ms();
  38   2        }
  39   1      }


MODULE INFORMATION:   STATIC OVERLAYABLE
   CODE SIZE        =     33    ----
   CONSTANT SIZE    =   ----    ----
   XDATA SIZE       =   ----    ----
   PDATA SIZE       =   ----    ----
   DATA SIZE        =   ----    ----
   IDATA SIZE       =   ----    ----
   BIT SIZE         =   ----    ----
END OF MODULE INFORMATION.


C51 COMPILATION COMPLETE.  0 WARNING(S),  0 ERROR(S)
