C51 COMPILER V9.60.7.0   MAIN                                                              07/27/2025 12:24:00 PAGE 1   


C51 COMPILER V9.60.7.0, COMPILATION OF MODULE MAIN
OBJECT MODULE PLACED IN .\Objects\main.obj
COMPILER INVOKED BY: C:\keil_C51\C51\BIN\C51.EXE main.c OPTIMIZE(8,SPEED) BROWSE DEBUG OBJECTEXTEND PRINT(.\Listings\mai
                    -n.lst) TABS(2) OBJECT(.\Objects\main.obj)

line level    source

   1          #include <REGX52.H>
   2          #include "MatrixLED.h"
   3          #include "delay.h"
   4          
   5          // 定义显示图案（笑脸）
   6          unsigned char code MatrixLED_Frame[] = {
   7              0x3C,  // 列0数据
   8              0x42,  // 列1数据
   9              0xA9,  // 列2数据
  10              0x85,  // 列3数据
  11              0x85,  // 列4数据
  12              0xA9,  // 列5数据
  13              0x42,  // 列6数据
  14              0x3C   // 列7数据
  15          };
  16          
  17          void main(void)
  18          {
  19   1          MatrixLED_Init();  // 初始化点阵屏
  20   1          
  21   1          while(1)
  22   1          {
  23   2              // 显示一帧图像
  24   2              MatrixLED_ShowFrame(MatrixLED_Frame);
  25   2          }
  26   1      }


MODULE INFORMATION:   STATIC OVERLAYABLE
   CODE SIZE        =     14    ----
   CONSTANT SIZE    =      8    ----
   XDATA SIZE       =   ----    ----
   PDATA SIZE       =   ----    ----
   DATA SIZE        =   ----    ----
   IDATA SIZE       =   ----    ----
   BIT SIZE         =   ----    ----
END OF MODULE INFORMATION.


C51 COMPILATION COMPLETE.  0 WARNING(S),  0 ERROR(S)
