C51 COMPILER V9.60.7.0   MAIN                                                              09/05/2025 21:43:57 PAGE 1   


C51 COMPILER V9.60.7.0, COMPILATION OF MODULE MAIN
OBJECT MODULE PLACED IN .\Objects\main.obj
COMPILER INVOKED BY: C:\keil_C51\C51\BIN\C51.EXE main.c OPTIMIZE(8,SPEED) BROWSE DEBUG OBJECTEXTEND PRINT(.\Listings\mai
                    -n.lst) TABS(2) OBJECT(.\Objects\main.obj)

line level    source

   1          #include <REGX52.H>
   2          #include "LCD1602.h"
   3          #include "Key.h"
   4          #include "AT24C02.h"
   5          #include "delay.h"
   6          
   7          unsigned char KeyNum;
   8          unsigned int Num;
   9          
  10          void main(){
  11   1        
  12   1        LCD_Init();
  13   1        LCD_ShowNum(1,1,Num,5);
  14   1      //  AT24C02_WriteByte(1, 66);
  15   1      //  Delay1ms(5);
  16   1      //  Data = AT24C02_ReadByte(1);
  17   1      //  LCD_ShowNum(2,1,Data,3);
  18   1        while(1){
  19   2          
  20   2          KeyNum = Key();
  21   2          if(KeyNum==1) //K1按键，Num自增
  22   2          {
  23   3            Num++;
  24   3            LCD_ShowNum(1,1,Num,5);
  25   3          }
  26   2          if(KeyNum==2) //K2按键，Num自减
  27   2          {
  28   3            Num--;
  29   3            LCD_ShowNum(1,1,Num,5);
  30   3          }
  31   2          if(KeyNum==3) //K3按键，向AT24C02写入数据
  32   2          {
  33   3            AT24C02_WriteByte(0,Num%256);
  34   3            Delay1ms(5);
  35   3            AT24C02_WriteByte(1,Num/256);
  36   3            Delay1ms(5);
  37   3            LCD_ShowString(2,1,"Write OK");
  38   3            Delay1ms(1000);
  39   3            LCD_ShowString(2,1,"        ");
  40   3          }
  41   2          if(KeyNum==4) //K4按键，从AT24C02读取数据
  42   2          {
  43   3            Num=AT24C02_ReadByte(0);
  44   3            Num|=AT24C02_ReadByte(1)<<8;
  45   3            LCD_ShowNum(1,1,Num,5);
  46   3            LCD_ShowString(2,1,"Read OK ");
  47   3            Delay1ms(1000);
  48   3            LCD_ShowString(2,1,"        ");
  49   3          }
  50   2        }
  51   1        
  52   1      }


C51 COMPILER V9.60.7.0   MAIN                                                              09/05/2025 21:43:57 PAGE 2   

MODULE INFORMATION:   STATIC OVERLAYABLE
   CODE SIZE        =    223    ----
   CONSTANT SIZE    =     27    ----
   XDATA SIZE       =   ----    ----
   PDATA SIZE       =   ----    ----
   DATA SIZE        =      3    ----
   IDATA SIZE       =   ----    ----
   BIT SIZE         =   ----    ----
END OF MODULE INFORMATION.


C51 COMPILATION COMPLETE.  0 WARNING(S),  0 ERROR(S)
