C51 COMPILER V9.60.7.0   MAIN                                                              07/24/2025 16:23:17 PAGE 1   


C51 COMPILER V9.60.7.0, COMPILATION OF MODULE MAIN
OBJECT MODULE PLACED IN .\Objects\main.obj
COMPILER INVOKED BY: C:\keil_C51\C51\BIN\C51.EXE main.c OPTIMIZE(8,SPEED) BROWSE DEBUG OBJECTEXTEND PRINT(.\Listings\mai
                    -n.lst) TABS(2) OBJECT(.\Objects\main.obj)

line level    source

   1          #include <REGX52.H>
   2          #include "delay.h"
   3          #include "LCD1602.h"
   4          #include "MatrixKey.h"
   5          
   6          unsigned char KeyNum = 0;
   7          
   8          void main(){
   9   1        
  10   1        //对LCD1602上电后进行初始化
  11   1        LCD_Init();
  12   1        //显示字符串，测试用
  13   1        LCD_ShowString(1,1,"Matrix Key:");
  14   1        while(1){
  15   2          
  16   2          KeyNum = MatrixKey();
  17   2          if(KeyNum){
  18   3            LCD_ShowNum(2,1,KeyNum,2);
  19   3          }
  20   2          
  21   2        }
  22   1        
  23   1      }


MODULE INFORMATION:   STATIC OVERLAYABLE
   CODE SIZE        =     40    ----
   CONSTANT SIZE    =     12    ----
   XDATA SIZE       =   ----    ----
   PDATA SIZE       =   ----    ----
   DATA SIZE        =      1    ----
   IDATA SIZE       =   ----    ----
   BIT SIZE         =   ----    ----
END OF MODULE INFORMATION.


C51 COMPILATION COMPLETE.  0 WARNING(S),  0 ERROR(S)
