C51 COMPILER V9.60.7.0   DS1302                                                            08/01/2025 21:04:51 PAGE 1   


C51 COMPILER V9.60.7.0, COMPILATION OF MODULE DS1302
OBJECT MODULE PLACED IN .\Objects\DS1302.obj
COMPILER INVOKED BY: C:\keil_C51\C51\BIN\C51.EXE DS1302.c OPTIMIZE(8,SPEED) BROWSE DEBUG OBJECTEXTEND PRINT(.\Listings\D
                    -S1302.lst) TABS(2) OBJECT(.\Objects\DS1302.obj)

line level    source

   1          #include <REGX52.H>
   2          
   3          #define DS1302_SECOND     0x80
   4          #define DS1302_MINUTE     0x82
   5          #define DS1302_HOUR       0x84
   6          #define DS1302_DATE       0x86
   7          #define DS1302_MONTH      0x88
   8          #define DS1302_DAY        0x8A
   9          #define DS1302_YEAR       0x8C
  10          //写保护
  11          #define DS1302_WP   0x8E
  12          
  13          
  14          
  15          unsigned char DS1302_Time[] = {25, 8, 1, 21, 00, 00, 5};
  16          
  17          
  18          sbit DS1302_SCLK = P3^6;
  19          sbit DS1302_IO = P3^4;
  20          sbit DS1302_CE = P3^5;
  21          
  22          //DS1302初始化
  23          void DS1302_Init(void){
  24   1        DS1302_CE = 0;
  25   1        DS1302_SCLK = 0;
  26   1      }
  27          
  28          //DS1302写入字节
  29          void DS1302_WriteByte(unsigned char Command,Data){
  30   1        unsigned char i = 0;
  31   1        DS1302_CE = 1;
  32   1        
  33   1        //写入Command
  34   1        for(i = 0; i < 8; i++){
  35   2          DS1302_IO = Command & (0x01 << i);
  36   2          DS1302_SCLK = 1;
  37   2          DS1302_SCLK = 0;
  38   2        }
  39   1        
  40   1        //写入Data
  41   1        for(i = 0; i < 8; i++){
  42   2          DS1302_IO = Data & (0x01 << i);
  43   2          DS1302_SCLK = 1;
  44   2          DS1302_SCLK = 0;
  45   2        }
  46   1        
  47   1        DS1302_CE = 0;
  48   1      }
  49          
  50          //DS1302读取字节
  51          unsigned char DS1302_ReadByte(unsigned char Command){
  52   1        unsigned char i = 0, Data = 0x00;
  53   1        Command |= 0x01;
  54   1        DS1302_CE = 1;
C51 COMPILER V9.60.7.0   DS1302                                                            08/01/2025 21:04:51 PAGE 2   

  55   1        
  56   1        //写入Command
  57   1        for(i = 0; i < 8; i++){
  58   2          DS1302_IO = Command & (0x01 << i);
  59   2          DS1302_SCLK = 0;
  60   2          DS1302_SCLK = 1;
  61   2        }
  62   1        
  63   1        //读取data
  64   1        for(i = 0; i < 8; i++){
  65   2          DS1302_SCLK = 1;
  66   2          DS1302_SCLK = 0;
  67   2          if(DS1302_IO)
  68   2            Data |= 0x01<<i;
  69   2        }
  70   1        
  71   1        DS1302_CE = 0;
  72   1        DS1302_IO = 0;
  73   1        
  74   1        return Data;
  75   1      }
  76          
  77          //设置时间函数
  78          void DS1302_SetTime(void){
  79   1        //关闭写保护状态
  80   1        DS1302_WriteByte(DS1302_WP, 0x00);
  81   1        
  82   1        DS1302_WriteByte(DS1302_YEAR, DS1302_Time[0]/10*16 + DS1302_Time[0]%10);
  83   1        DS1302_WriteByte(DS1302_MONTH, DS1302_Time[1]/10*16 + DS1302_Time[1]%10);
  84   1        DS1302_WriteByte(DS1302_DATE, DS1302_Time[2]/10*16 + DS1302_Time[2]%10);
  85   1        DS1302_WriteByte(DS1302_HOUR, DS1302_Time[3]/10*16 + DS1302_Time[3]%10);
  86   1        DS1302_WriteByte(DS1302_MINUTE, DS1302_Time[4]/10*16 + DS1302_Time[4]%10);
  87   1        DS1302_WriteByte(DS1302_SECOND, DS1302_Time[5]/10*16 + DS1302_Time[5]%10);
  88   1        DS1302_WriteByte(DS1302_DAY, DS1302_Time[6]/10*16 + DS1302_Time[6]%10);
  89   1        
  90   1        //打开写保护状态
  91   1        DS1302_WriteByte(DS1302_WP, 0x80);
  92   1      }
  93          
  94          //读取时间函数
  95          void DS1302_ReadTime(void){
  96   1        unsigned char Temp;
  97   1        //年
  98   1        Temp = DS1302_ReadByte(DS1302_YEAR);
  99   1        DS1302_Time[0] = Temp/16*10 + Temp%16; 
 100   1        //月
 101   1        Temp = DS1302_ReadByte(DS1302_MONTH);
 102   1        DS1302_Time[1] = Temp/16*10 + Temp%16; 
 103   1        //日
 104   1        Temp = DS1302_ReadByte(DS1302_DATE);
 105   1        DS1302_Time[2] = Temp/16*10 + Temp%16; 
 106   1        //时
 107   1        Temp = DS1302_ReadByte(DS1302_HOUR);
 108   1        DS1302_Time[3] = Temp/16*10 + Temp%16; 
 109   1        //分
 110   1        Temp = DS1302_ReadByte(DS1302_MINUTE);
 111   1        DS1302_Time[4] = Temp/16*10 + Temp%16; 
 112   1        //秒
 113   1        Temp = DS1302_ReadByte(DS1302_SECOND);
 114   1        DS1302_Time[5] = Temp/16*10 + Temp%16; 
 115   1        //星期
 116   1        Temp = DS1302_ReadByte(DS1302_DAY);
C51 COMPILER V9.60.7.0   DS1302                                                            08/01/2025 21:04:51 PAGE 3   

 117   1        DS1302_Time[6] = Temp/16*10 + Temp%16; 
 118   1      }


MODULE INFORMATION:   STATIC OVERLAYABLE
   CODE SIZE        =    551    ----
   CONSTANT SIZE    =   ----    ----
   XDATA SIZE       =   ----    ----
   PDATA SIZE       =   ----    ----
   DATA SIZE        =      7       2
   IDATA SIZE       =   ----    ----
   BIT SIZE         =   ----    ----
END OF MODULE INFORMATION.


C51 COMPILATION COMPLETE.  0 WARNING(S),  0 ERROR(S)
