C51 COMPILER V9.60.7.0   MAIN                                                              08/01/2025 21:07:27 PAGE 1   


C51 COMPILER V9.60.7.0, COMPILATION OF MODULE MAIN
OBJECT MODULE PLACED IN .\Objects\main.obj
COMPILER INVOKED BY: C:\keil_C51\C51\BIN\C51.EXE main.c OPTIMIZE(8,SPEED) BROWSE DEBUG OBJECTEXTEND PRINT(.\Listings\mai
                    -n.lst) TABS(2) OBJECT(.\Objects\main.obj)

line level    source

   1          #include <REGX52.H>
   2          #include "LCD1602.h"
   3          #include "DS1302.h"
   4          
   5          
   6          void main(){
   7   1        
   8   1        //LCD1602初始化
   9   1        LCD_Init();
  10   1        //DS1302初始化
  11   1        DS1302_Init();
  12   1        //测试LCD1602
  13   1        //LCD_ShowString(1,1,"RTC");
  14   1        LCD_ShowString(1,1,"  -  -  ");
  15   1        LCD_ShowString(2,1,"  :  :  ");
  16   1      
  17   1        //设置时间
  18   1        DS1302_SetTime();
  19   1        
  20   1        while(1){
  21   2          
  22   2          //读取时间
  23   2          DS1302_ReadTime();
  24   2          LCD_ShowNum(1, 1, DS1302_Time[0], 2);
  25   2          LCD_ShowNum(1, 4, DS1302_Time[1], 2);
  26   2          LCD_ShowNum(1, 7, DS1302_Time[2], 2);
  27   2          LCD_ShowNum(2, 1, DS1302_Time[3], 2);
  28   2          LCD_ShowNum(2, 4, DS1302_Time[4], 2);
  29   2          LCD_ShowNum(2, 7, DS1302_Time[5], 2);
  30   2          
  31   2          
  32   2        }
  33   1        
  34   1      }


MODULE INFORMATION:   STATIC OVERLAYABLE
   CODE SIZE        =    130    ----
   CONSTANT SIZE    =     18    ----
   XDATA SIZE       =   ----    ----
   PDATA SIZE       =   ----    ----
   DATA SIZE        =   ----    ----
   IDATA SIZE       =   ----    ----
   BIT SIZE         =   ----    ----
END OF MODULE INFORMATION.


C51 COMPILATION COMPLETE.  0 WARNING(S),  0 ERROR(S)
