C51 COMPILER V9.60.7.0   TIMER0                                                            08/05/2025 17:27:21 PAGE 1   


C51 COMPILER V9.60.7.0, COMPILATION OF MODULE TIMER0
OBJECT MODULE PLACED IN .\Objects\Timer0.obj
COMPILER INVOKED BY: C:\keil_C51\C51\BIN\C51.EXE Timer0.c OPTIMIZE(8,SPEED) BROWSE DEBUG OBJECTEXTEND PRINT(.\Listings\T
                    -imer0.lst) TABS(2) OBJECT(.\Objects\Timer0.obj)

line level    source

   1          #include <REGX52.H>
   2          #include "Buzzer.h"
   3          
   4          /*
   5          函数：Timer0Init
   6          功能：定时器0初始化
   7          输入：无
   8          输出：无
   9          */
  10          void Timer0Init(void)//1毫秒@11.0592MHz
  11          {
  12   1        
  13   1        TMOD &= 0xF0;     //设置定时器模式
  14   1        TMOD |= 0x01;     //设置定时器模式
  15   1        TL0 = 0x66;       //设置定时初始值
  16   1        TH0 = 0xFC;       //设置定时初始值
  17   1        TF0 = 0;        //清除TF0标志
  18   1        TR0 = 1;        //定时器0开始计时
  19   1        ET0 = 1;
  20   1        EA = 1;
  21   1        PT0 = 0;
  22   1      }
  23          
  24          
  25          /*
  26          //定时器中断函数
  27          void Timer0_Routine() interrupt 1{
  28            static unsigned int T0Count;
  29            
  30            //重新赋初值保证计时为1us
  31            TL0 = 0x66;       //设置定时初始值
  32            TH0 = 0xFC;       //设置定时初始值
  33            
  34            T0Count++;
  35            if (T0Count >= 1000){
  36              T0Count = 0; //初始化计数
  37              //计数达到后的操作
  38              P2_0 = ~P2_0;
  39            }
  40            
  41          }
  42          */
  43          
  44          //定时器0中断函数（用于蜂鸣器方波生成）
  45          void Timer0_Routine() interrupt 1
  46          {
  47   1        if (Buzzer_Playing && Buzzer_Freq != 0) //如果正在播放且频率有效
  48   1        {
  49   2          //加载当前频率对应的定时器初值
  50   2          TL0 = Buzzer_Freq % 256;    
  51   2          TH0 = Buzzer_Freq / 256;
  52   2          Buzzer = !Buzzer; //翻转蜂鸣器引脚，产生方波
  53   2        }
  54   1        else  //停止播放时
C51 COMPILER V9.60.7.0   TIMER0                                                            08/05/2025 17:27:21 PAGE 2   

  55   1        {
  56   2          Buzzer = 0;   //确保蜂鸣器关闭
  57   2        }
  58   1      }


MODULE INFORMATION:   STATIC OVERLAYABLE
   CODE SIZE        =     50    ----
   CONSTANT SIZE    =   ----    ----
   XDATA SIZE       =   ----    ----
   PDATA SIZE       =   ----    ----
   DATA SIZE        =   ----    ----
   IDATA SIZE       =   ----    ----
   BIT SIZE         =   ----    ----
END OF MODULE INFORMATION.


C51 COMPILATION COMPLETE.  0 WARNING(S),  0 ERROR(S)
