C51 COMPILER V9.60.7.0   KEY                                                               09/05/2025 22:17:44 PAGE 1   


C51 COMPILER V9.60.7.0, COMPILATION OF MODULE KEY
OBJECT MODULE PLACED IN .\Objects\Key.obj
COMPILER INVOKED BY: C:\keil_C51\C51\BIN\C51.EXE Key.c OPTIMIZE(8,SPEED) BROWSE DEBUG OBJECTEXTEND PRINT(.\Listings\Key.
                    -lst) TABS(2) OBJECT(.\Objects\Key.obj)

line level    source

   1          #include <REGX52.H>
   2          #include "Delay.h"
   3          
   4          unsigned char Key_KeyNumber;
   5          
   6          /**
   7            * @brief  获取按键键码
   8            * @param  无
   9            * @retval 按下按键的键码，范围：0,1~4,0表示无按键按下
  10            */
  11          unsigned char Key(void)
  12          {
  13   1          unsigned char Temp = 0;
  14   1          Temp = Key_KeyNumber;
  15   1          Key_KeyNumber = 0;  //读取后清零，避免重复触发
  16   1          return Temp;
  17   1      }
  18          
  19          /**
  20            * @brief  获取当前按键的状态，带简单消抖
  21            * @param  无
  22            * @retval 按下按键的键码，范围：0,1~4,0表示无按键按下
  23            */
  24          unsigned char Key_GetState()
  25          {
  26   1          unsigned char KeyNumber = 0;
  27   1          
  28   1          //先检测是否有按键按下
  29   1          if(P3_1 == 0 || P3_0 == 0 || P3_2 == 0 || P3_3 == 0)
  30   1          {
  31   2              Delay1ms(10);  //10ms消抖
  32   2              //再次检测确认
  33   2              if(P3_1 == 0){KeyNumber = 1;}
  34   2              if(P3_0 == 0){KeyNumber = 2;}
  35   2              if(P3_2 == 0){KeyNumber = 3;}
  36   2              if(P3_3 == 0){KeyNumber = 4;}
  37   2          }
  38   1          return KeyNumber;
  39   1      }
  40          
  41          /**
  42            * @brief  按键驱动函数，在中断中调用
  43            * @param  无
  44            * @retval 无
  45            */
  46          void Key_Loop(void)
  47          {
  48   1          static unsigned char NowState, LastState;
  49   1          LastState = NowState;              //保存上一次状态
  50   1          NowState = Key_GetState();         //获取当前状态
  51   1          
  52   1          //松手检测：上一状态按下，当前状态未按下，视为有效按键
  53   1          if(LastState != 0 && NowState == 0)
  54   1          {
C51 COMPILER V9.60.7.0   KEY                                                               09/05/2025 22:17:44 PAGE 2   

  55   2              Key_KeyNumber = LastState;  //记录键码
  56   2          }
  57   1      }


MODULE INFORMATION:   STATIC OVERLAYABLE
   CODE SIZE        =     75    ----
   CONSTANT SIZE    =   ----    ----
   XDATA SIZE       =   ----    ----
   PDATA SIZE       =   ----    ----
   DATA SIZE        =      3       1
   IDATA SIZE       =   ----    ----
   BIT SIZE         =   ----    ----
END OF MODULE INFORMATION.


C51 COMPILATION COMPLETE.  0 WARNING(S),  0 ERROR(S)
