C51 COMPILER V9.60.7.0   MAIN                                                              07/25/2025 19:52:20 PAGE 1   


C51 COMPILER V9.60.7.0, COMPILATION OF MODULE MAIN
OBJECT MODULE PLACED IN .\Objects\main.obj
COMPILER INVOKED BY: C:\keil_C51\C51\BIN\C51.EXE main.c OPTIMIZE(8,SPEED) BROWSE DEBUG OBJECTEXTEND PRINT(.\Listings\mai
                    -n.lst) TABS(2) OBJECT(.\Objects\main.obj)

line level    source

   1          #include <REGX52.H>
   2          #include "delay.h"
   3          #include "Uart.h"
   4          
   5          
   6          unsigned char SecNum = 0;
   7          
   8          
   9          
  10          void main(){
  11   1        
  12   1        //串口初始化
  13   1        Uart_Init();
  14   1        
  15   1        while(1){
  16   2          
  17   2          Uart_SendByte(SecNum);
  18   2          SecNum++;
  19   2          Delay1ms(1000);
  20   2          
  21   2        }
  22   1        
  23   1      }


MODULE INFORMATION:   STATIC OVERLAYABLE
   CODE SIZE        =     19    ----
   CONSTANT SIZE    =   ----    ----
   XDATA SIZE       =   ----    ----
   PDATA SIZE       =   ----    ----
   DATA SIZE        =      1    ----
   IDATA SIZE       =   ----    ----
   BIT SIZE         =   ----    ----
END OF MODULE INFORMATION.


C51 COMPILATION COMPLETE.  0 WARNING(S),  0 ERROR(S)
