C51 COMPILER V9.60.7.0   UART                                                              07/25/2025 19:57:47 PAGE 1   


C51 COMPILER V9.60.7.0, COMPILATION OF MODULE UART
OBJECT MODULE PLACED IN .\Objects\Uart.obj
COMPILER INVOKED BY: C:\keil_C51\C51\BIN\C51.EXE Uart.c OPTIMIZE(8,SPEED) BROWSE DEBUG OBJECTEXTEND PRINT(.\Listings\Uar
                    -t.lst) TABS(2) OBJECT(.\Objects\Uart.obj)

line level    source

   1          #include <REGX52.H>
   2          
   3          
   4          /*
   5          函数名：Uart_Init
   6          功能：串口初始化
   7          输入：无
   8          输出：无
   9          注意：4800bps@11.0592MHz
  10          */
  11          void Uart_Init(void)  
  12          {
  13   1        PCON &= 0x7F;   //波特率不倍速
  14   1        SCON = 0x50;    //8位数据,可变波特率
  15   1        TMOD &= 0x0F;   //设置定时器模式
  16   1        TMOD |= 0x20;   //设置定时器模式
  17   1        TL1 = 0xFA;     //设置定时初始值
  18   1        TH1 = 0xFA;     //设置定时重载值
  19   1        ET1 = 0;      //禁止定时器中断
  20   1        TR1 = 1;      //定时器1开始计时
  21   1      }
  22          
  23          
  24          /*
  25          函数名：Uart_SendByte
  26          功能：向串口数据缓存寄存器写入一个字节的数据
  27          输入：Byte 要输入的那一个字节的数据
  28          输出：无
  29          */
  30          void Uart_SendByte(unsigned char Byte){
  31   1        
  32   1        //将字节写入串口数据缓存寄存器
  33   1        SBUF = Byte;
  34   1        //检查是否写入,发送控制器置1时继续下一步
  35   1        while(TI == 0);
  36   1        //复位TI
  37   1        TI = 0;
  38   1        
  39   1      }


MODULE INFORMATION:   STATIC OVERLAYABLE
   CODE SIZE        =     31    ----
   CONSTANT SIZE    =   ----    ----
   XDATA SIZE       =   ----    ----
   PDATA SIZE       =   ----    ----
   DATA SIZE        =   ----    ----
   IDATA SIZE       =   ----    ----
   BIT SIZE         =   ----    ----
END OF MODULE INFORMATION.


C51 COMPILATION COMPLETE.  0 WARNING(S),  0 ERROR(S)
