C51 COMPILER V9.60.7.0   MAIN                                                              07/25/2025 20:16:51 PAGE 1   


C51 COMPILER V9.60.7.0, COMPILATION OF MODULE MAIN
OBJECT MODULE PLACED IN .\Objects\main.obj
COMPILER INVOKED BY: C:\keil_C51\C51\BIN\C51.EXE main.c OPTIMIZE(8,SPEED) BROWSE DEBUG OBJECTEXTEND PRINT(.\Listings\mai
                    -n.lst) TABS(2) OBJECT(.\Objects\main.obj)

line level    source

   1          #include <REGX52.H>
   2          #include "delay.h"
   3          #include "Uart.h"
   4          
   5          
   6          unsigned char SecNum = 0;
   7          
   8          
   9          
  10          void main(){
  11   1        
  12   1        //串口初始化
  13   1        Uart_Init();
  14   1        
  15   1        while(1){
  16   2          
  17   2          
  18   2          
  19   2        }
  20   1        
  21   1      }
  22          
  23          void Uart_Routine() interrupt 4
  24          {
  25   1        //判断是不是接收中断
  26   1        if(RI == 1){
  27   2          
  28   2          P2 = ~SBUF;
  29   2          Uart_SendByte(SBUF);
  30   2          //接收中断请求标志位RI置零复位
  31   2          RI = 0;
  32   2          
  33   2        }
  34   1        
  35   1      }
  36          
  37          //注意，一个函数不能同时出现在主函数和中断函数中 


MODULE INFORMATION:   STATIC OVERLAYABLE
   CODE SIZE        =     76    ----
   CONSTANT SIZE    =   ----    ----
   XDATA SIZE       =   ----    ----
   PDATA SIZE       =   ----    ----
   DATA SIZE        =      1    ----
   IDATA SIZE       =   ----    ----
   BIT SIZE         =   ----    ----
END OF MODULE INFORMATION.


C51 COMPILATION COMPLETE.  0 WARNING(S),  0 ERROR(S)
