C51 COMPILER V9.60.7.0   MAIN                                                              07/22/2025 23:21:06 PAGE 1   


C51 COMPILER V9.60.7.0, COMPILATION OF MODULE MAIN
OBJECT MODULE PLACED IN .\Objects\main.obj
COMPILER INVOKED BY: C:\keil_C51\C51\BIN\C51.EXE main.c OPTIMIZE(8,SPEED) BROWSE DEBUG OBJECTEXTEND PRINT(.\Listings\mai
                    -n.lst) TABS(2) OBJECT(.\Objects\main.obj)

line level    source

   1          #include <REGX52.H>
   2          
   3          unsigned char NixieTable[] = {0x3F,0x06,0x5B,0x4F,0x66,0x6D,0x7D,0x07,0x7F,0x6F};
   4          
   5          /*
   6          数码管函数
   7          输入：数码管位置参数，对应呈现出的数字
   8          输出：无
   9          */
  10          void Nixie(unsigned char Location,Number){
  11   1        
  12   1        switch(Location)
  13   1        {
  14   2          case 1:P2_4 = 1;P2_3 = 1;P2_2 = 1;break;
  15   2          case 2:P2_4 = 1;P2_3 = 1;P2_2 = 0;break;
  16   2          case 3:P2_4 = 1;P2_3 = 0;P2_2 = 1;break;
  17   2          case 4:P2_4 = 1;P2_3 = 0;P2_2 = 0;break;
  18   2          case 5:P2_4 = 0;P2_3 = 1;P2_2 = 1;break;
  19   2          case 6:P2_4 = 0;P2_3 = 1;P2_2 = 0;break;
  20   2          case 7:P2_4 = 0;P2_3 = 0;P2_2 = 1;break;
  21   2          case 8:P2_4 = 0;P2_3 = 0;P2_2 = 0;break;
  22   2        }
  23   1        
  24   1        P0 = NixieTable[Number];
  25   1        
  26   1      }
  27          
  28          
  29          void main(){
  30   1        
  31   1        Nixie(7,2);
  32   1        
  33   1        while(1){
  34   2          
  35   2          
  36   2          
  37   2        }
  38   1        
  39   1      }


MODULE INFORMATION:   STATIC OVERLAYABLE
   CODE SIZE        =    110    ----
   CONSTANT SIZE    =   ----    ----
   XDATA SIZE       =   ----    ----
   PDATA SIZE       =   ----    ----
   DATA SIZE        =     10    ----
   IDATA SIZE       =   ----    ----
   BIT SIZE         =   ----    ----
END OF MODULE INFORMATION.


C51 COMPILATION COMPLETE.  0 WARNING(S),  0 ERROR(S)
