C51 COMPILER V9.60.7.0   MAIN                                                              07/25/2025 17:24:35 PAGE 1   


C51 COMPILER V9.60.7.0, COMPILATION OF MODULE MAIN
OBJECT MODULE PLACED IN .\Objects\main.obj
COMPILER INVOKED BY: C:\keil_C51\C51\BIN\C51.EXE main.c OPTIMIZE(8,SPEED) BROWSE DEBUG OBJECTEXTEND PRINT(.\Listings\mai
                    -n.lst) TABS(2) OBJECT(.\Objects\main.obj)

line level    source

   1          #include <REGX52.H>
   2          #include "Timer0.h"
   3          #include "delay.h"
   4          #include "LCD1602.h"
   5          
   6          //定义变量“秒”
   7          unsigned char Sec = 0, Min = 0, Hour = 0;
   8          
   9          void main(){
  10   1        
  11   1        //LCD1602屏幕初始化
  12   1        LCD_Init();
  13   1        //定时器初始化
  14   1        Timer0Init();
  15   1        
  16   1        LCD_ShowString(1,1,"Clock:");
  17   1        LCD_ShowString(2,1,"  :  :");
  18   1      
  19   1        while(1){
  20   2          
  21   2          //显示时
  22   2          LCD_ShowNum(2,1,Hour,2);
  23   2          //显示分
  24   2          LCD_ShowNum(2,4,Min,2);
  25   2          //显示秒
  26   2          LCD_ShowNum(2,7,Sec,2);
  27   2          
  28   2        }
  29   1        
  30   1      }
  31          
  32          //定时器中断函数
  33          void Timer0_Routine() interrupt 1{
  34   1        static unsigned int T0Count;
  35   1        
  36   1        //重新赋初值保证计时为1us
  37   1        TL0 = 0x66;       //设置定时初始值
  38   1        TH0 = 0xFC;       //设置定时初始值
  39   1        
  40   1        T0Count++;
  41   1        if (T0Count >= 1000){
  42   2          T0Count = 0; //初始化计数
  43   2          //计数达到后的操作
  44   2          Sec++;
  45   2          
  46   2          //时间进位
  47   2          if(Sec >= 60){
  48   3            Sec = 0;
  49   3            Min++;
  50   3          }
  51   2          if(Min >= 60){
  52   3            Min = 0;
  53   3            Hour++;
  54   3          }
C51 COMPILER V9.60.7.0   MAIN                                                              07/25/2025 17:24:35 PAGE 2   

  55   2          if(Hour >= 24)
  56   2            Hour = 0;
  57   2        }
  58   1      }


MODULE INFORMATION:   STATIC OVERLAYABLE
   CODE SIZE        =    152    ----
   CONSTANT SIZE    =     14    ----
   XDATA SIZE       =   ----    ----
   PDATA SIZE       =   ----    ----
   DATA SIZE        =      5    ----
   IDATA SIZE       =   ----    ----
   BIT SIZE         =   ----    ----
END OF MODULE INFORMATION.


C51 COMPILATION COMPLETE.  0 WARNING(S),  0 ERROR(S)
