C51 COMPILER V9.60.7.0   MAIN                                                              07/22/2025 12:03:05 PAGE 1   


C51 COMPILER V9.60.7.0, COMPILATION OF MODULE MAIN
OBJECT MODULE PLACED IN .\Objects\main.obj
COMPILER INVOKED BY: C:\keil_C51\C51\BIN\C51.EXE main.c OPTIMIZE(8,SPEED) BROWSE DEBUG OBJECTEXTEND PRINT(.\Listings\mai
                    -n.lst) TABS(2) OBJECT(.\Objects\main.obj)

line level    source

   1          #include <REGX52.H>
   2          #include <INTRINS.H>
   3          
   4          void Delay(unsigned int xms)  //@11.0592MHz
   5          {
   6   1        unsigned char data i, j;
   7   1      
   8   1        while(xms){
   9   2          
  10   2          _nop_();
  11   2          i = 2;
  12   2          j = 199;
  13   2          do
  14   2          {
  15   3            while (--j);
  16   3          } while (--i);
  17   2          
  18   2          xms--;
  19   2          
  20   2        }
  21   1        
  22   1      }
  23          
  24          
  25          void main(){
  26   1        
  27   1        while(1){
  28   2          
  29   2          if(P3_1 == 0){
  30   3            Delay(20);
  31   3            while(P3_1 == 0);
  32   3            Delay(20);
  33   3            
  34   3            P2_0 =~ P2_0;
  35   3          }
  36   2          
  37   2        }
  38   1        
  39   1      }


MODULE INFORMATION:   STATIC OVERLAYABLE
   CODE SIZE        =     45    ----
   CONSTANT SIZE    =   ----    ----
   XDATA SIZE       =   ----    ----
   PDATA SIZE       =   ----    ----
   DATA SIZE        =   ----    ----
   IDATA SIZE       =   ----    ----
   BIT SIZE         =   ----    ----
END OF MODULE INFORMATION.


C51 COMPILATION COMPLETE.  0 WARNING(S),  0 ERROR(S)
